<?xml version="1.0" encoding="UTF-8"?>
<!-- Generated by org.testng.reporters.JUnitXMLReporter -->
<testsuite ignored="0" hostname="LAPTOP-KP63N8TU" failures="1" tests="19" name="Test" time="63.34" errors="0" timestamp="2022-07-20T15:40:19 IST">
  <testcase classname="TestNG.A_AnotationsExecutionSequence" name="testCase" time="0.004"/>
  <testcase classname="TestNG.J_Assertions" name="verifyTheTitleOfPage" time="0.016"/>
  <testcase classname="TestNG.D_TestCase3" name="verifyTitleOfPage" time="0.011"/>
  <testcase classname="TestNG.E_Priority1" name="p" time="0.002"/>
  <testcase classname="TestNG.E_Priority1" name="q" time="0.001"/>
  <testcase classname="TestNG.E_Priority1" name="r" time="0.002"/>
  <testcase classname="TestNG.G_Priority3" name="p" time="0.002"/>
  <testcase classname="TestNG.G_Priority3" name="q" time="0.0"/>
  <testcase classname="TestNG.G_Priority3" name="r" time="0.001"/>
  <testcase classname="TestNG.F_Priority2" name="q" time="0.001"/>
  <testcase classname="TestNG.F_Priority2" name="p" time="0.001"/>
  <testcase classname="TestNG.F_Priority2" name="r" time="0.001"/>
  <testcase classname="TestNG.B_TestCase1" name="display" time="0.002"/>
  <testcase classname="TestNG.I_GoogleTest" name="googleTitleText" time="0.01"/>
  <testcase classname="TestNG.I_GoogleTest" name="mailLinkText" time="16.323">
    <failure type="org.openqa.selenium.NoSuchElementException" message="Unable to find element with locator By.linkText: mail
For documentation on this error, please visit: https://selenium.dev/exceptions/#no_such_element
Build info: version: &amp;apos;4.3.0&amp;apos;, revision: &amp;apos;a4995e2c09*&amp;apos;
System info: host: &amp;apos;LAPTOP-KP63N8TU&amp;apos;, ip: &amp;apos;192.168.89.35&amp;apos;, os.name: &amp;apos;Windows 10&amp;apos;, os.arch: &amp;apos;amd64&amp;apos;, os.version: &amp;apos;10.0&amp;apos;, java.version: &amp;apos;17.0.3&amp;apos;
Driver info: driver.version: RemoteWebDriver">
      <![CDATA[org.openqa.selenium.NoSuchElementException: Unable to find element with locator By.linkText: mail
For documentation on this error, please visit: https://selenium.dev/exceptions/#no_such_element
Build info: version: '4.3.0', revision: 'a4995e2c09*'
System info: host: 'LAPTOP-KP63N8TU', ip: '192.168.89.35', os.name: 'Windows 10', os.arch: 'amd64', os.version: '10.0', java.version: '17.0.3'
Driver info: driver.version: RemoteWebDriver
at org.openqa.selenium.remote.ElementLocation$ElementFinder$2.findElement(ElementLocation.java:165)
at org.openqa.selenium.remote.ElementLocation.findElement(ElementLocation.java:60)
at org.openqa.selenium.remote.RemoteWebDriver.findElement(RemoteWebDriver.java:387)
at org.openqa.selenium.remote.RemoteWebDriver.findElement(RemoteWebDriver.java:379)
at TestNG.I_GoogleTest.mailLinkText(I_GoogleTest.java:33)
at java.base/java.util.ArrayList.forEach(ArrayList.java:1511)
... Removed 27 stack frames]]>
    </failure>
  </testcase> <!-- mailLinkText -->
  <testcase classname="TestNG.H_Priority4" name="q" time="0.001"/>
  <testcase classname="TestNG.H_Priority4" name="r" time="0.001"/>
  <testcase classname="TestNG.H_Priority4" name="p" time="0.0"/>
  <testcase classname="TestNG.C_TestCase2" name="display1" time="0.079"/>
</testsuite> <!-- Test -->
